<?xml version="1.0" encoding="UTF-8"?>
<!-- Generated by org.testng.reporters.JUnitReportReporter -->
<testsuite hostname="DESKTOP-QQ701O1" failures="0" tests="4" name="assessment.OrderAPITests" time="4.201" errors="0" timestamp="2024-10-04T13:08:03 BST" skipped="0">
  <testcase classname="assessment.OrderAPITests" name="testDeleteOrderById" time="0.784"/>
  <system-out/>
  <testcase classname="assessment.OrderAPITests" name="testGetOrderById" time="0.602"/>
  <system-out/>
  <testcase classname="assessment.OrderAPITests" name="testCreateOrder" time="2.288"/>
  <system-out/>
  <testcase classname="assessment.OrderAPITests" name="testGetDeletedOrder" time="0.527"/>
  <system-out/>
</testsuite> <!-- assessment.OrderAPITests -->
