<?xml version="1.0" encoding="UTF-8"?>
<!-- Generated by org.testng.reporters.JUnitReportReporter -->
<testsuite hostname="DESKTOP-QQ701O1" failures="0" tests="5" name="app.Restasssured" time="4.714" errors="0" timestamp="2024-10-04T09:17:46 BST" skipped="0">
  <testcase classname="app.Restasssured" name="testGetInventory" time="0.558"/>
  <system-out/>
  <testcase classname="app.Restasssured" name="testCreateOrder" time="2.269"/>
  <system-out/>
  <testcase classname="app.Restasssured" name="testGetDeletedOrder" time="0.471"/>
  <system-out/>
  <testcase classname="app.Restasssured" name="testGetOrderById" time="0.562"/>
  <system-out/>
  <testcase classname="app.Restasssured" name="testDeleteOrderById" time="0.854"/>
  <system-out/>
</testsuite> <!-- app.Restasssured -->
