<?xml version="1.0" encoding="UTF-8"?>
<!-- Generated by org.testng.reporters.JUnitReportReporter -->
<testsuite hostname="DESKTOP-QQ701O1" failures="0" tests="5" name="assessment.StoreAPITests" time="4.358" errors="0" timestamp="2024-10-04T13:34:02 BST" skipped="0">
  <testcase classname="assessment.StoreAPITests" name="testDeleteOrderById" time="0.475"/>
  <system-out/>
  <testcase classname="assessment.StoreAPITests" name="testGetOrderById" time="0.506"/>
  <system-out/>
  <testcase classname="assessment.StoreAPITests" name="testGetDeletedOrder" time="0.454"/>
  <system-out/>
  <testcase classname="assessment.StoreAPITests" name="testCreateOrder" time="2.456"/>
  <system-out/>
  <testcase classname="assessment.StoreAPITests" name="testGetInventory" time="0.467"/>
  <system-out/>
</testsuite> <!-- assessment.StoreAPITests -->
